<?xml version="1.0" encoding="UTF-8"?>
<!-- Generated by org.testng.reporters.JUnitReportReporter -->
<testsuite skipped="0" hostname="DESKTOP-L1EA06Q" name="DataDriven.Parameterization" tests="1" failures="0" timestamp="2020-08-05T17:46:26 IST" time="15.376" errors="0">
  <testcase name="Rediff" time="15.376" classname="DataDriven.Parameterization"/>
  <system-out/>
</testsuite> <!-- DataDriven.Parameterization -->
