<?xml version="1.0" encoding="UTF-8"?>
<!-- Generated by org.testng.reporters.JUnitReportReporter -->
<testsuite skipped="0" hostname="DESKTOP-L1EA06Q" name="DataDriven.DataProviderInTestNg" tests="5" failures="0" timestamp="2020-08-05T16:08:18 IST" time="72.320" errors="0">
  <testcase name="abc" time="14.358" classname="DataDriven.DataProviderInTestNg"/>
  <system-out/>
  <testcase name="abc" time="16.828" classname="DataDriven.DataProviderInTestNg"/>
  <system-out/>
  <testcase name="abc" time="13.459" classname="DataDriven.DataProviderInTestNg"/>
  <system-out/>
  <testcase name="abc" time="13.607" classname="DataDriven.DataProviderInTestNg"/>
  <system-out/>
  <testcase name="abc" time="14.068" classname="DataDriven.DataProviderInTestNg"/>
  <system-out/>
</testsuite> <!-- DataDriven.DataProviderInTestNg -->
